  Cube.cpp
  Game.cpp
c:\users\user\desktop\vs\minesweeper 2020 approach\minesweeper 2020 approach\game.cpp(8): warning C4244: 'argument': conversion from 'time_t' to 'unsigned int', possible loss of data
c:\users\user\desktop\vs\minesweeper 2020 approach\minesweeper 2020 approach\game.cpp(50): warning C4244: '=': conversion from 'float' to 'T', possible loss of data
          with
          [
              T=int
          ]
c:\users\user\desktop\vs\minesweeper 2020 approach\minesweeper 2020 approach\game.cpp(51): warning C4244: '=': conversion from 'float' to 'T', possible loss of data
          with
          [
              T=int
          ]
  Loader.cpp
c:\users\user\desktop\vs\minesweeper 2020 approach\minesweeper 2020 approach\loader.cpp(7): warning C4390: ';': empty controlled statement found; is this the intent?
c:\users\user\desktop\vs\minesweeper 2020 approach\minesweeper 2020 approach\loader.cpp(8): warning C4390: ';': empty controlled statement found; is this the intent?
c:\users\user\desktop\vs\minesweeper 2020 approach\minesweeper 2020 approach\loader.cpp(9): warning C4390: ';': empty controlled statement found; is this the intent?
c:\users\user\desktop\vs\minesweeper 2020 approach\minesweeper 2020 approach\loader.cpp(10): warning C4390: ';': empty controlled statement found; is this the intent?
c:\users\user\desktop\vs\minesweeper 2020 approach\minesweeper 2020 approach\loader.cpp(12): warning C4390: ';': empty controlled statement found; is this the intent?
  Main.cpp
c:\users\user\desktop\vs\minesweeper 2020 approach\minesweeper 2020 approach\main.cpp(6): warning C4244: 'argument': conversion from 'float' to 'unsigned int', possible loss of data
  Generating code
  All 139 functions were compiled because no usable IPDB/IOBJ from previous compilation was found.
  Finished generating code
  Minesweeper 2020 approach.vcxproj -> C:\Users\User\Desktop\VS\Minesweeper 2020 approach\Release\Minesweeper 2020 approach.exe
