  Main.cpp
c:\users\user\desktop\vs\minesweeper 2020 approach\minesweeper 2020 approach\main.cpp(9): warning C4244: 'initializing': conversion from 'float' to 'int', possible loss of data
c:\users\user\desktop\vs\minesweeper 2020 approach\minesweeper 2020 approach\main.cpp(10): warning C4244: 'argument': conversion from 'float' to 'unsigned int', possible loss of data
c:\users\user\desktop\vs\minesweeper 2020 approach\minesweeper 2020 approach\main.cpp(17): warning C4244: 'argument': conversion from 'const T' to 'T', possible loss of data
          with
          [
              T=unsigned int
          ]
          and
          [
              T=float
          ]
c:\users\user\desktop\vs\minesweeper 2020 approach\minesweeper 2020 approach\main.cpp(18): warning C4244: 'argument': conversion from 'const T' to 'T', possible loss of data
          with
          [
              T=unsigned int
          ]
          and
          [
              T=float
          ]
c:\users\user\desktop\vs\minesweeper 2020 approach\minesweeper 2020 approach\main.cpp(19): warning C4244: 'argument': conversion from 'const T' to 'T', possible loss of data
          with
          [
              T=unsigned int
          ]
          and
          [
              T=float
          ]
  Minesweeper 2020 approach.vcxproj -> C:\Users\User\Desktop\VS\Minesweeper 2020 approach\Debug\Minesweeper 2020 approach.exe
